{"/home/simon/Documentos/Daniele Leão/07 - Contruindo API com Express/src/server.ts": {"path":"/home/simon/Documentos/Daniele Leão/07 - Contruindo API com Express/src/server.ts","statementMap":{"0":{"start":{"line":7,"column":12},"end":{"line":7,"column":null}},"1":{"start":{"line":9,"column":0},"end":{"line":9,"column":null}},"2":{"start":{"line":11,"column":0},"end":{"line":11,"column":null}},"3":{"start":{"line":13,"column":0},"end":{"line":13,"column":null}},"4":{"start":{"line":14,"column":0},"end":{"line":14,"column":null}},"5":{"start":{"line":16,"column":0},"end":{"line":18,"column":null}},"6":{"start":{"line":17,"column":2},"end":{"line":17,"column":null}}},"fnMap":{"0":{"name":"(anonymous_0)","decl":{"start":{"line":16,"column":17},"end":{"line":16,"column":23}},"loc":{"start":{"line":16,"column":23},"end":{"line":18,"column":1}}}},"branchMap":{},"s":{"0":0,"1":0,"2":0,"3":0,"4":0,"5":0,"6":0},"f":{"0":0},"b":{}}
,"/home/simon/Documentos/Daniele Leão/07 - Contruindo API com Express/src/error/custom.error.ts": {"path":"/home/simon/Documentos/Daniele Leão/07 - Contruindo API com Express/src/error/custom.error.ts","statementMap":{"0":{"start":{"line":5,"column":4},"end":{"line":5,"column":null}},"1":{"start":{"line":6,"column":4},"end":{"line":6,"column":null}},"2":{"start":{"line":7,"column":4},"end":{"line":7,"column":null}}},"fnMap":{"0":{"name":"(anonymous_0)","decl":{"start":{"line":4,"column":2},"end":{"line":4,"column":14}},"loc":{"start":{"line":4,"column":60},"end":{"line":8,"column":null}}}},"branchMap":{"0":{"loc":{"start":{"line":4,"column":31},"end":{"line":4,"column":49}},"type":"default-arg","locations":[{"start":{"line":4,"column":44},"end":{"line":4,"column":49}}]},"1":{"loc":{"start":{"line":4,"column":49},"end":{"line":4,"column":60}},"type":"default-arg","locations":[{"start":{"line":4,"column":56},"end":{"line":4,"column":60}}]}},"s":{"0":3,"1":3,"2":3},"f":{"0":3},"b":{"0":[3],"1":[3]}}
,"/home/simon/Documentos/Daniele Leão/07 - Contruindo API com Express/src/error/parameter-required.error.ts": {"path":"/home/simon/Documentos/Daniele Leão/07 - Contruindo API com Express/src/error/parameter-required.error.ts","statementMap":{"0":{"start":{"line":4,"column":4},"end":{"line":4,"column":null}},"1":{"start":{"line":5,"column":4},"end":{"line":5,"column":null}},"2":{"start":{"line":6,"column":4},"end":{"line":6,"column":null}}},"fnMap":{"0":{"name":"(anonymous_0)","decl":{"start":{"line":3,"column":2},"end":{"line":3,"column":14}},"loc":{"start":{"line":3,"column":52},"end":{"line":7,"column":null}}}},"branchMap":{},"s":{"0":0,"1":0,"2":0},"f":{"0":0},"b":{}}
,"/home/simon/Documentos/Daniele Leão/07 - Contruindo API com Express/src/infra/databases/prisma.config.ts": {"path":"/home/simon/Documentos/Daniele Leão/07 - Contruindo API com Express/src/infra/databases/prisma.config.ts","statementMap":{"0":{"start":{"line":3,"column":21},"end":{"line":3,"column":null}}},"fnMap":{},"branchMap":{},"s":{"0":0},"f":{},"b":{}}
,"/home/simon/Documentos/Daniele Leão/07 - Contruindo API com Express/src/infra/shared/crypto/password.bcrypt.ts": {"path":"/home/simon/Documentos/Daniele Leão/07 - Contruindo API com Express/src/infra/shared/crypto/password.bcrypt.ts","statementMap":{"0":{"start":{"line":6,"column":4},"end":{"line":6,"column":null}},"1":{"start":{"line":10,"column":4},"end":{"line":10,"column":null}}},"fnMap":{"0":{"name":"(anonymous_0)","decl":{"start":{"line":5,"column":2},"end":{"line":5,"column":7}},"loc":{"start":{"line":5,"column":42},"end":{"line":7,"column":null}}},"1":{"name":"(anonymous_1)","decl":{"start":{"line":9,"column":2},"end":{"line":9,"column":8}},"loc":{"start":{"line":9,"column":74},"end":{"line":11,"column":null}}}},"branchMap":{},"s":{"0":0,"1":0},"f":{"0":0,"1":0},"b":{}}
,"/home/simon/Documentos/Daniele Leão/07 - Contruindo API com Express/src/infra/shared/http/middleware/ensure-admin.middleware.ts": {"path":"/home/simon/Documentos/Daniele Leão/07 - Contruindo API com Express/src/infra/shared/http/middleware/ensure-admin.middleware.ts","statementMap":{"0":{"start":{"line":4,"column":27},"end":{"line":20,"column":null}},"1":{"start":{"line":9,"column":25},"end":{"line":9,"column":null}},"2":{"start":{"line":10,"column":15},"end":{"line":10,"column":null}},"3":{"start":{"line":11,"column":2},"end":{"line":13,"column":null}},"4":{"start":{"line":12,"column":4},"end":{"line":12,"column":null}},"5":{"start":{"line":15,"column":2},"end":{"line":17,"column":null}},"6":{"start":{"line":16,"column":4},"end":{"line":16,"column":null}},"7":{"start":{"line":19,"column":2},"end":{"line":19,"column":null}}},"fnMap":{"0":{"name":"(anonymous_0)","decl":{"start":{"line":4,"column":27},"end":{"line":4,"column":null}},"loc":{"start":{"line":8,"column":5},"end":{"line":20,"column":null}}}},"branchMap":{"0":{"loc":{"start":{"line":11,"column":2},"end":{"line":13,"column":null}},"type":"if","locations":[{"start":{"line":11,"column":2},"end":{"line":13,"column":null}},{"start":{},"end":{}}]},"1":{"loc":{"start":{"line":15,"column":2},"end":{"line":17,"column":null}},"type":"if","locations":[{"start":{"line":15,"column":2},"end":{"line":17,"column":null}},{"start":{},"end":{}}]}},"s":{"0":0,"1":0,"2":0,"3":0,"4":0,"5":0,"6":0,"7":0},"f":{"0":0},"b":{"0":[0,0],"1":[0,0]}}
,"/home/simon/Documentos/Daniele Leão/07 - Contruindo API com Express/src/infra/shared/http/middleware/ensure-authenticate.middleware.ts": {"path":"/home/simon/Documentos/Daniele Leão/07 - Contruindo API com Express/src/infra/shared/http/middleware/ensure-authenticate.middleware.ts","statementMap":{"0":{"start":{"line":5,"column":34},"end":{"line":36,"column":null}},"1":{"start":{"line":10,"column":21},"end":{"line":10,"column":null}},"2":{"start":{"line":12,"column":2},"end":{"line":16,"column":null}},"3":{"start":{"line":13,"column":4},"end":{"line":15,"column":null}},"4":{"start":{"line":18,"column":20},"end":{"line":18,"column":null}},"5":{"start":{"line":20,"column":2},"end":{"line":24,"column":null}},"6":{"start":{"line":21,"column":4},"end":{"line":23,"column":null}},"7":{"start":{"line":26,"column":22},"end":{"line":26,"column":null}},"8":{"start":{"line":28,"column":2},"end":{"line":31,"column":null}},"9":{"start":{"line":29,"column":4},"end":{"line":29,"column":null}},"10":{"start":{"line":30,"column":4},"end":{"line":30,"column":null}},"11":{"start":{"line":33,"column":2},"end":{"line":35,"column":null}}},"fnMap":{"0":{"name":"(anonymous_0)","decl":{"start":{"line":5,"column":34},"end":{"line":5,"column":null}},"loc":{"start":{"line":9,"column":5},"end":{"line":36,"column":null}}}},"branchMap":{"0":{"loc":{"start":{"line":12,"column":2},"end":{"line":16,"column":null}},"type":"if","locations":[{"start":{"line":12,"column":2},"end":{"line":16,"column":null}},{"start":{},"end":{}}]},"1":{"loc":{"start":{"line":20,"column":2},"end":{"line":24,"column":null}},"type":"if","locations":[{"start":{"line":20,"column":2},"end":{"line":24,"column":null}},{"start":{},"end":{}}]},"2":{"loc":{"start":{"line":28,"column":2},"end":{"line":31,"column":null}},"type":"if","locations":[{"start":{"line":28,"column":2},"end":{"line":31,"column":null}},{"start":{},"end":{}}]}},"s":{"0":0,"1":0,"2":0,"3":0,"4":0,"5":0,"6":0,"7":0,"8":0,"9":0,"10":0,"11":0},"f":{"0":0},"b":{"0":[0,0],"1":[0,0],"2":[0,0]}}
,"/home/simon/Documentos/Daniele Leão/07 - Contruindo API com Express/src/infra/shared/token/jwt.token.ts": {"path":"/home/simon/Documentos/Daniele Leão/07 - Contruindo API com Express/src/infra/shared/token/jwt.token.ts","statementMap":{"0":{"start":{"line":7,"column":2},"end":{"line":7,"column":null}},"1":{"start":{"line":9,"column":2},"end":{"line":11,"column":null}},"2":{"start":{"line":14,"column":18},"end":{"line":21,"column":null}},"3":{"start":{"line":22,"column":4},"end":{"line":22,"column":null}},"4":{"start":{"line":26,"column":4},"end":{"line":30,"column":null}},"5":{"start":{"line":27,"column":6},"end":{"line":27,"column":null}},"6":{"start":{"line":29,"column":6},"end":{"line":29,"column":null}}},"fnMap":{"0":{"name":"(anonymous_0)","decl":{"start":{"line":6,"column":7},"end":{"line":6,"column":13}},"loc":{"start":{"line":6,"column":7},"end":{"line":11,"column":null}}},"1":{"name":"(anonymous_1)","decl":{"start":{"line":13,"column":2},"end":{"line":13,"column":9}},"loc":{"start":{"line":13,"column":50},"end":{"line":23,"column":null}}},"2":{"name":"(anonymous_2)","decl":{"start":{"line":25,"column":2},"end":{"line":25,"column":11}},"loc":{"start":{"line":25,"column":44},"end":{"line":31,"column":null}}}},"branchMap":{"0":{"loc":{"start":{"line":7,"column":25},"end":{"line":7,"column":null}},"type":"binary-expr","locations":[{"start":{"line":7,"column":25},"end":{"line":7,"column":57}},{"start":{"line":7,"column":57},"end":{"line":7,"column":null}}]}},"s":{"0":0,"1":0,"2":0,"3":0,"4":0,"5":0,"6":0},"f":{"0":0,"1":0,"2":0},"b":{"0":[0,0]}}
,"/home/simon/Documentos/Daniele Leão/07 - Contruindo API com Express/src/modules/doctor/entities/doctor.entity.ts": {"path":"/home/simon/Documentos/Daniele Leão/07 - Contruindo API com Express/src/modules/doctor/entities/doctor.entity.ts","statementMap":{"0":{"start":{"line":18,"column":4},"end":{"line":20,"column":null}},"1":{"start":{"line":19,"column":6},"end":{"line":19,"column":null}},"2":{"start":{"line":22,"column":4},"end":{"line":24,"column":null}},"3":{"start":{"line":23,"column":6},"end":{"line":23,"column":null}},"4":{"start":{"line":26,"column":4},"end":{"line":28,"column":null}},"5":{"start":{"line":27,"column":6},"end":{"line":27,"column":null}},"6":{"start":{"line":30,"column":4},"end":{"line":30,"column":null}},"7":{"start":{"line":31,"column":4},"end":{"line":31,"column":null}},"8":{"start":{"line":32,"column":4},"end":{"line":32,"column":null}},"9":{"start":{"line":33,"column":4},"end":{"line":33,"column":null}},"10":{"start":{"line":34,"column":4},"end":{"line":34,"column":null}},"11":{"start":{"line":38,"column":19},"end":{"line":38,"column":null}},"12":{"start":{"line":39,"column":4},"end":{"line":39,"column":null}}},"fnMap":{"0":{"name":"(anonymous_0)","decl":{"start":{"line":17,"column":10},"end":{"line":17,"column":22}},"loc":{"start":{"line":17,"column":42},"end":{"line":35,"column":null}}},"1":{"name":"(anonymous_1)","decl":{"start":{"line":37,"column":2},"end":{"line":37,"column":9}},"loc":{"start":{"line":37,"column":36},"end":{"line":40,"column":null}}}},"branchMap":{"0":{"loc":{"start":{"line":18,"column":4},"end":{"line":20,"column":null}},"type":"if","locations":[{"start":{"line":18,"column":4},"end":{"line":20,"column":null}},{"start":{},"end":{}}]},"1":{"loc":{"start":{"line":22,"column":4},"end":{"line":24,"column":null}},"type":"if","locations":[{"start":{"line":22,"column":4},"end":{"line":24,"column":null}},{"start":{},"end":{}}]},"2":{"loc":{"start":{"line":26,"column":4},"end":{"line":28,"column":null}},"type":"if","locations":[{"start":{"line":26,"column":4},"end":{"line":28,"column":null}},{"start":{},"end":{}}]}},"s":{"0":4,"1":1,"2":3,"3":1,"4":2,"5":1,"6":1,"7":1,"8":1,"9":1,"10":1,"11":4,"12":1},"f":{"0":4,"1":4},"b":{"0":[1,3],"1":[1,2],"2":[1,1]}}
,"/home/simon/Documentos/Daniele Leão/07 - Contruindo API com Express/src/modules/speciality/entities/speciality.entity.ts": {"path":"/home/simon/Documentos/Daniele Leão/07 - Contruindo API com Express/src/modules/speciality/entities/speciality.entity.ts","statementMap":{"0":{"start":{"line":15,"column":4},"end":{"line":15,"column":null}},"1":{"start":{"line":16,"column":4},"end":{"line":16,"column":null}},"2":{"start":{"line":17,"column":4},"end":{"line":17,"column":null}},"3":{"start":{"line":18,"column":4},"end":{"line":18,"column":null}},"4":{"start":{"line":22,"column":4},"end":{"line":24,"column":null}},"5":{"start":{"line":23,"column":6},"end":{"line":23,"column":null}},"6":{"start":{"line":26,"column":23},"end":{"line":26,"column":null}},"7":{"start":{"line":27,"column":4},"end":{"line":27,"column":null}}},"fnMap":{"0":{"name":"(anonymous_0)","decl":{"start":{"line":14,"column":2},"end":{"line":14,"column":14}},"loc":{"start":{"line":14,"column":50},"end":{"line":19,"column":null}}},"1":{"name":"(anonymous_1)","decl":{"start":{"line":21,"column":2},"end":{"line":21,"column":9}},"loc":{"start":{"line":21,"column":36},"end":{"line":28,"column":null}}}},"branchMap":{"0":{"loc":{"start":{"line":22,"column":4},"end":{"line":24,"column":null}},"type":"if","locations":[{"start":{"line":22,"column":4},"end":{"line":24,"column":null}},{"start":{},"end":{}}]}},"s":{"0":0,"1":0,"2":0,"3":0,"4":0,"5":0,"6":0,"7":0},"f":{"0":0,"1":0},"b":{"0":[0,0]}}
,"/home/simon/Documentos/Daniele Leão/07 - Contruindo API com Express/src/modules/speciality/repositories/implementations/speciality.prisma.repository.ts": {"path":"/home/simon/Documentos/Daniele Leão/07 - Contruindo API com Express/src/modules/speciality/repositories/implementations/speciality.prisma.repository.ts","statementMap":{"0":{"start":{"line":7,"column":23},"end":{"line":13,"column":null}},"1":{"start":{"line":15,"column":4},"end":{"line":15,"column":null}},"2":{"start":{"line":18,"column":4},"end":{"line":22,"column":null}}},"fnMap":{"0":{"name":"(anonymous_0)","decl":{"start":{"line":6,"column":2},"end":{"line":6,"column":8}},"loc":{"start":{"line":6,"column":52},"end":{"line":16,"column":null}}},"1":{"name":"(anonymous_1)","decl":{"start":{"line":17,"column":2},"end":{"line":17,"column":8}},"loc":{"start":{"line":17,"column":61},"end":{"line":23,"column":null}}}},"branchMap":{},"s":{"0":0,"1":0,"2":0},"f":{"0":0,"1":0},"b":{}}
,"/home/simon/Documentos/Daniele Leão/07 - Contruindo API com Express/src/modules/speciality/useCases/create-speciality/create-speciality.controller.ts": {"path":"/home/simon/Documentos/Daniele Leão/07 - Contruindo API com Express/src/modules/speciality/useCases/create-speciality/create-speciality.controller.ts","statementMap":{"0":{"start":{"line":6,"column":22},"end":{"line":6,"column":67}},"1":{"start":{"line":9,"column":4},"end":{"line":19,"column":null}},"2":{"start":{"line":10,"column":22},"end":{"line":10,"column":null}},"3":{"start":{"line":12,"column":21},"end":{"line":12,"column":null}},"4":{"start":{"line":14,"column":6},"end":{"line":14,"column":null}},"5":{"start":{"line":16,"column":6},"end":{"line":18,"column":null}}},"fnMap":{"0":{"name":"(anonymous_0)","decl":{"start":{"line":6,"column":2},"end":{"line":6,"column":22}},"loc":{"start":{"line":6,"column":67},"end":{"line":6,"column":null}}},"1":{"name":"(anonymous_1)","decl":{"start":{"line":8,"column":2},"end":{"line":8,"column":8}},"loc":{"start":{"line":8,"column":53},"end":{"line":20,"column":null}}}},"branchMap":{"0":{"loc":{"start":{"line":16,"column":29},"end":{"line":16,"column":50}},"type":"binary-expr","locations":[{"start":{"line":16,"column":29},"end":{"line":16,"column":47}},{"start":{"line":16,"column":47},"end":{"line":16,"column":50}}]}},"s":{"0":0,"1":0,"2":0,"3":0,"4":0,"5":0},"f":{"0":0,"1":0},"b":{"0":[0,0]}}
,"/home/simon/Documentos/Daniele Leão/07 - Contruindo API com Express/src/modules/speciality/useCases/create-speciality/create-speciality.usecase.ts": {"path":"/home/simon/Documentos/Daniele Leão/07 - Contruindo API com Express/src/modules/speciality/useCases/create-speciality/create-speciality.usecase.ts","statementMap":{"0":{"start":{"line":11,"column":22},"end":{"line":11,"column":67}},"1":{"start":{"line":14,"column":23},"end":{"line":14,"column":null}},"2":{"start":{"line":16,"column":28},"end":{"line":18,"column":null}},"3":{"start":{"line":20,"column":4},"end":{"line":22,"column":null}},"4":{"start":{"line":21,"column":6},"end":{"line":21,"column":null}},"5":{"start":{"line":24,"column":30},"end":{"line":24,"column":null}},"6":{"start":{"line":26,"column":4},"end":{"line":26,"column":null}}},"fnMap":{"0":{"name":"(anonymous_0)","decl":{"start":{"line":11,"column":2},"end":{"line":11,"column":22}},"loc":{"start":{"line":11,"column":67},"end":{"line":11,"column":null}}},"1":{"name":"(anonymous_1)","decl":{"start":{"line":13,"column":2},"end":{"line":13,"column":8}},"loc":{"start":{"line":13,"column":40},"end":{"line":27,"column":null}}}},"branchMap":{"0":{"loc":{"start":{"line":20,"column":4},"end":{"line":22,"column":null}},"type":"if","locations":[{"start":{"line":20,"column":4},"end":{"line":22,"column":null}},{"start":{},"end":{}}]}},"s":{"0":0,"1":0,"2":0,"3":0,"4":0,"5":0,"6":0},"f":{"0":0,"1":0},"b":{"0":[0,0]}}
,"/home/simon/Documentos/Daniele Leão/07 - Contruindo API com Express/src/modules/speciality/useCases/create-speciality/index.ts": {"path":"/home/simon/Documentos/Daniele Leão/07 - Contruindo API com Express/src/modules/speciality/useCases/create-speciality/index.ts","statementMap":{"0":{"start":{"line":4,"column":35},"end":{"line":4,"column":null}},"1":{"start":{"line":5,"column":35},"end":{"line":7,"column":null}}},"fnMap":{},"branchMap":{},"s":{"0":0,"1":0},"f":{},"b":{}}
,"/home/simon/Documentos/Daniele Leão/07 - Contruindo API com Express/src/modules/users/entities/user.entity.ts": {"path":"/home/simon/Documentos/Daniele Leão/07 - Contruindo API com Express/src/modules/users/entities/user.entity.ts","statementMap":{"0":{"start":{"line":17,"column":4},"end":{"line":17,"column":null}},"1":{"start":{"line":18,"column":4},"end":{"line":18,"column":null}},"2":{"start":{"line":19,"column":4},"end":{"line":19,"column":null}},"3":{"start":{"line":20,"column":4},"end":{"line":20,"column":null}},"4":{"start":{"line":21,"column":4},"end":{"line":21,"column":null}},"5":{"start":{"line":25,"column":17},"end":{"line":25,"column":null}},"6":{"start":{"line":26,"column":4},"end":{"line":26,"column":null}}},"fnMap":{"0":{"name":"(anonymous_0)","decl":{"start":{"line":16,"column":2},"end":{"line":16,"column":14}},"loc":{"start":{"line":16,"column":51},"end":{"line":22,"column":null}}},"1":{"name":"(anonymous_1)","decl":{"start":{"line":24,"column":2},"end":{"line":24,"column":9}},"loc":{"start":{"line":24,"column":30},"end":{"line":27,"column":null}}}},"branchMap":{},"s":{"0":0,"1":0,"2":0,"3":0,"4":0,"5":0,"6":0},"f":{"0":0,"1":0},"b":{}}
,"/home/simon/Documentos/Daniele Leão/07 - Contruindo API com Express/src/modules/users/repositories/implementations/user.memory.repository.ts": {"path":"/home/simon/Documentos/Daniele Leão/07 - Contruindo API com Express/src/modules/users/repositories/implementations/user.memory.repository.ts","statementMap":{"0":{"start":{"line":10,"column":4},"end":{"line":10,"column":null}},"1":{"start":{"line":14,"column":4},"end":{"line":16,"column":null}},"2":{"start":{"line":15,"column":6},"end":{"line":15,"column":null}},"3":{"start":{"line":17,"column":4},"end":{"line":17,"column":null}},"4":{"start":{"line":21,"column":4},"end":{"line":21,"column":null}},"5":{"start":{"line":21,"column":37},"end":{"line":21,"column":63}},"6":{"start":{"line":25,"column":4},"end":{"line":25,"column":null}},"7":{"start":{"line":26,"column":4},"end":{"line":26,"column":null}},"8":{"start":{"line":30,"column":4},"end":{"line":30,"column":null}},"9":{"start":{"line":30,"column":37},"end":{"line":30,"column":51}}},"fnMap":{"0":{"name":"(anonymous_0)","decl":{"start":{"line":9,"column":2},"end":{"line":9,"column":16}},"loc":{"start":{"line":9,"column":16},"end":{"line":11,"column":null}}},"1":{"name":"(anonymous_1)","decl":{"start":{"line":13,"column":2},"end":{"line":13,"column":9}},"loc":{"start":{"line":13,"column":23},"end":{"line":18,"column":null}}},"2":{"name":"(anonymous_2)","decl":{"start":{"line":20,"column":2},"end":{"line":20,"column":8}},"loc":{"start":{"line":20,"column":41},"end":{"line":22,"column":null}}},"3":{"name":"(anonymous_3)","decl":{"start":{"line":21,"column":27},"end":{"line":21,"column":28}},"loc":{"start":{"line":21,"column":37},"end":{"line":21,"column":63}}},"4":{"name":"(anonymous_4)","decl":{"start":{"line":24,"column":2},"end":{"line":24,"column":8}},"loc":{"start":{"line":24,"column":25},"end":{"line":27,"column":null}}},"5":{"name":"(anonymous_5)","decl":{"start":{"line":29,"column":2},"end":{"line":29,"column":8}},"loc":{"start":{"line":29,"column":51},"end":{"line":31,"column":null}}},"6":{"name":"(anonymous_6)","decl":{"start":{"line":30,"column":27},"end":{"line":30,"column":28}},"loc":{"start":{"line":30,"column":37},"end":{"line":30,"column":51}}}},"branchMap":{"0":{"loc":{"start":{"line":14,"column":4},"end":{"line":16,"column":null}},"type":"if","locations":[{"start":{"line":14,"column":4},"end":{"line":16,"column":null}},{"start":{},"end":{}}]},"1":{"loc":{"start":{"line":30,"column":11},"end":{"line":30,"column":null}},"type":"binary-expr","locations":[{"start":{"line":30,"column":11},"end":{"line":30,"column":56}},{"start":{"line":30,"column":56},"end":{"line":30,"column":null}}]}},"s":{"0":0,"1":0,"2":0,"3":0,"4":0,"5":0,"6":0,"7":0,"8":0,"9":0},"f":{"0":0,"1":0,"2":0,"3":0,"4":0,"5":0,"6":0},"b":{"0":[0,0],"1":[0,0]}}
,"/home/simon/Documentos/Daniele Leão/07 - Contruindo API com Express/src/modules/users/repositories/implementations/user.prisma.repository.ts": {"path":"/home/simon/Documentos/Daniele Leão/07 - Contruindo API com Express/src/modules/users/repositories/implementations/user.prisma.repository.ts","statementMap":{"0":{"start":{"line":7,"column":17},"end":{"line":11,"column":null}},"1":{"start":{"line":12,"column":4},"end":{"line":12,"column":null}},"2":{"start":{"line":16,"column":17},"end":{"line":22,"column":null}},"3":{"start":{"line":23,"column":4},"end":{"line":23,"column":null}},"4":{"start":{"line":27,"column":4},"end":{"line":31,"column":null}}},"fnMap":{"0":{"name":"(anonymous_0)","decl":{"start":{"line":6,"column":2},"end":{"line":6,"column":8}},"loc":{"start":{"line":6,"column":68},"end":{"line":13,"column":null}}},"1":{"name":"(anonymous_1)","decl":{"start":{"line":15,"column":2},"end":{"line":15,"column":8}},"loc":{"start":{"line":15,"column":40},"end":{"line":24,"column":null}}},"2":{"name":"(anonymous_2)","decl":{"start":{"line":26,"column":2},"end":{"line":26,"column":8}},"loc":{"start":{"line":26,"column":51},"end":{"line":32,"column":null}}}},"branchMap":{"0":{"loc":{"start":{"line":12,"column":11},"end":{"line":12,"column":null}},"type":"binary-expr","locations":[{"start":{"line":12,"column":11},"end":{"line":12,"column":19}},{"start":{"line":12,"column":19},"end":{"line":12,"column":null}}]}},"s":{"0":0,"1":0,"2":0,"3":0,"4":0},"f":{"0":0,"1":0,"2":0},"b":{"0":[0,0]}}
,"/home/simon/Documentos/Daniele Leão/07 - Contruindo API com Express/src/modules/users/useCases/authenticate-user/authenticate-user.controller.ts": {"path":"/home/simon/Documentos/Daniele Leão/07 - Contruindo API com Express/src/modules/users/useCases/authenticate-user/authenticate-user.controller.ts","statementMap":{"0":{"start":{"line":9,"column":12},"end":{"line":9,"column":null}},"1":{"start":{"line":10,"column":12},"end":{"line":10,"column":null}},"2":{"start":{"line":11,"column":12},"end":{"line":11,"column":null}},"3":{"start":{"line":15,"column":4},"end":{"line":31,"column":null}},"4":{"start":{"line":16,"column":19},"end":{"line":16,"column":null}},"5":{"start":{"line":18,"column":38},"end":{"line":22,"column":null}},"6":{"start":{"line":24,"column":21},"end":{"line":24,"column":null}},"7":{"start":{"line":26,"column":6},"end":{"line":26,"column":null}},"8":{"start":{"line":28,"column":6},"end":{"line":30,"column":null}}},"fnMap":{"0":{"name":"(anonymous_0)","decl":{"start":{"line":8,"column":2},"end":{"line":8,"column":null}},"loc":{"start":{"line":12,"column":4},"end":{"line":12,"column":null}}},"1":{"name":"(anonymous_1)","decl":{"start":{"line":14,"column":2},"end":{"line":14,"column":8}},"loc":{"start":{"line":14,"column":53},"end":{"line":32,"column":null}}}},"branchMap":{},"s":{"0":0,"1":0,"2":0,"3":0,"4":0,"5":0,"6":0,"7":0,"8":0},"f":{"0":0,"1":0},"b":{}}
,"/home/simon/Documentos/Daniele Leão/07 - Contruindo API com Express/src/modules/users/useCases/authenticate-user/authenticate-user.usercase.ts": {"path":"/home/simon/Documentos/Daniele Leão/07 - Contruindo API com Express/src/modules/users/useCases/authenticate-user/authenticate-user.usercase.ts","statementMap":{"0":{"start":{"line":13,"column":12},"end":{"line":13,"column":null}},"1":{"start":{"line":14,"column":12},"end":{"line":14,"column":null}},"2":{"start":{"line":15,"column":12},"end":{"line":15,"column":null}},"3":{"start":{"line":19,"column":4},"end":{"line":21,"column":null}},"4":{"start":{"line":20,"column":6},"end":{"line":20,"column":null}},"5":{"start":{"line":23,"column":17},"end":{"line":23,"column":null}},"6":{"start":{"line":25,"column":4},"end":{"line":27,"column":null}},"7":{"start":{"line":26,"column":6},"end":{"line":26,"column":null}},"8":{"start":{"line":29,"column":34},"end":{"line":32,"column":null}},"9":{"start":{"line":34,"column":4},"end":{"line":36,"column":null}},"10":{"start":{"line":35,"column":6},"end":{"line":35,"column":null}},"11":{"start":{"line":38,"column":27},"end":{"line":38,"column":null}},"12":{"start":{"line":40,"column":4},"end":{"line":40,"column":null}}},"fnMap":{"0":{"name":"(anonymous_0)","decl":{"start":{"line":12,"column":2},"end":{"line":12,"column":null}},"loc":{"start":{"line":16,"column":4},"end":{"line":16,"column":null}}},"1":{"name":"(anonymous_1)","decl":{"start":{"line":18,"column":2},"end":{"line":18,"column":8}},"loc":{"start":{"line":18,"column":61},"end":{"line":41,"column":null}}}},"branchMap":{"0":{"loc":{"start":{"line":19,"column":4},"end":{"line":21,"column":null}},"type":"if","locations":[{"start":{"line":19,"column":4},"end":{"line":21,"column":null}},{"start":{},"end":{}}]},"1":{"loc":{"start":{"line":19,"column":8},"end":{"line":19,"column":32}},"type":"binary-expr","locations":[{"start":{"line":19,"column":8},"end":{"line":19,"column":21}},{"start":{"line":19,"column":21},"end":{"line":19,"column":32}}]},"2":{"loc":{"start":{"line":25,"column":4},"end":{"line":27,"column":null}},"type":"if","locations":[{"start":{"line":25,"column":4},"end":{"line":27,"column":null}},{"start":{},"end":{}}]},"3":{"loc":{"start":{"line":34,"column":4},"end":{"line":36,"column":null}},"type":"if","locations":[{"start":{"line":34,"column":4},"end":{"line":36,"column":null}},{"start":{},"end":{}}]}},"s":{"0":0,"1":0,"2":0,"3":0,"4":0,"5":0,"6":0,"7":0,"8":0,"9":0,"10":0,"11":0,"12":0},"f":{"0":0,"1":0},"b":{"0":[0,0],"1":[0,0],"2":[0,0],"3":[0,0]}}
,"/home/simon/Documentos/Daniele Leão/07 - Contruindo API com Express/src/modules/users/useCases/authenticate-user/index.ts": {"path":"/home/simon/Documentos/Daniele Leão/07 - Contruindo API com Express/src/modules/users/useCases/authenticate-user/index.ts","statementMap":{"0":{"start":{"line":6,"column":29},"end":{"line":6,"column":null}},"1":{"start":{"line":7,"column":23},"end":{"line":7,"column":null}},"2":{"start":{"line":8,"column":14},"end":{"line":8,"column":null}},"3":{"start":{"line":10,"column":35},"end":{"line":14,"column":null}}},"fnMap":{},"branchMap":{},"s":{"0":0,"1":0,"2":0,"3":0},"f":{},"b":{}}
,"/home/simon/Documentos/Daniele Leão/07 - Contruindo API com Express/src/modules/users/useCases/create-user/create-user.controller.ts": {"path":"/home/simon/Documentos/Daniele Leão/07 - Contruindo API com Express/src/modules/users/useCases/create-user/create-user.controller.ts","statementMap":{"0":{"start":{"line":9,"column":12},"end":{"line":9,"column":null}},"1":{"start":{"line":10,"column":12},"end":{"line":10,"column":null}},"2":{"start":{"line":14,"column":4},"end":{"line":14,"column":null}},"3":{"start":{"line":15,"column":4},"end":{"line":28,"column":null}},"4":{"start":{"line":16,"column":19},"end":{"line":16,"column":null}},"5":{"start":{"line":17,"column":22},"end":{"line":20,"column":null}},"6":{"start":{"line":22,"column":21},"end":{"line":22,"column":null}},"7":{"start":{"line":24,"column":6},"end":{"line":24,"column":null}},"8":{"start":{"line":26,"column":6},"end":{"line":26,"column":null}},"9":{"start":{"line":27,"column":6},"end":{"line":27,"column":null}}},"fnMap":{"0":{"name":"(anonymous_0)","decl":{"start":{"line":8,"column":2},"end":{"line":8,"column":null}},"loc":{"start":{"line":11,"column":4},"end":{"line":11,"column":null}}},"1":{"name":"(anonymous_1)","decl":{"start":{"line":13,"column":2},"end":{"line":13,"column":8}},"loc":{"start":{"line":13,"column":53},"end":{"line":29,"column":null}}}},"branchMap":{},"s":{"0":0,"1":0,"2":0,"3":0,"4":0,"5":0,"6":0,"7":0,"8":0,"9":0},"f":{"0":0,"1":0},"b":{}}
,"/home/simon/Documentos/Daniele Leão/07 - Contruindo API com Express/src/modules/users/useCases/create-user/create-user.usecase.ts": {"path":"/home/simon/Documentos/Daniele Leão/07 - Contruindo API com Express/src/modules/users/useCases/create-user/create-user.usecase.ts","statementMap":{"0":{"start":{"line":15,"column":12},"end":{"line":15,"column":null}},"1":{"start":{"line":16,"column":12},"end":{"line":16,"column":null}},"2":{"start":{"line":20,"column":17},"end":{"line":20,"column":null}},"3":{"start":{"line":22,"column":4},"end":{"line":24,"column":null}},"4":{"start":{"line":23,"column":6},"end":{"line":23,"column":null}},"5":{"start":{"line":26,"column":22},"end":{"line":26,"column":null}},"6":{"start":{"line":28,"column":4},"end":{"line":34,"column":null}},"7":{"start":{"line":29,"column":6},"end":{"line":33,"column":null}},"8":{"start":{"line":36,"column":27},"end":{"line":36,"column":null}},"9":{"start":{"line":37,"column":4},"end":{"line":37,"column":null}},"10":{"start":{"line":39,"column":24},"end":{"line":39,"column":null}},"11":{"start":{"line":41,"column":4},"end":{"line":41,"column":null}}},"fnMap":{"0":{"name":"(anonymous_0)","decl":{"start":{"line":14,"column":2},"end":{"line":14,"column":null}},"loc":{"start":{"line":17,"column":4},"end":{"line":17,"column":null}}},"1":{"name":"(anonymous_1)","decl":{"start":{"line":19,"column":2},"end":{"line":19,"column":8}},"loc":{"start":{"line":19,"column":35},"end":{"line":42,"column":null}}}},"branchMap":{"0":{"loc":{"start":{"line":22,"column":4},"end":{"line":24,"column":null}},"type":"if","locations":[{"start":{"line":22,"column":4},"end":{"line":24,"column":null}},{"start":{},"end":{}}]},"1":{"loc":{"start":{"line":22,"column":8},"end":{"line":22,"column":42}},"type":"binary-expr","locations":[{"start":{"line":22,"column":8},"end":{"line":22,"column":26}},{"start":{"line":22,"column":26},"end":{"line":22,"column":42}}]},"2":{"loc":{"start":{"line":28,"column":4},"end":{"line":34,"column":null}},"type":"if","locations":[{"start":{"line":28,"column":4},"end":{"line":34,"column":null}},{"start":{},"end":{}}]}},"s":{"0":0,"1":0,"2":0,"3":0,"4":0,"5":0,"6":0,"7":0,"8":0,"9":0,"10":0,"11":0},"f":{"0":0,"1":0},"b":{"0":[0,0],"1":[0,0],"2":[0,0]}}
,"/home/simon/Documentos/Daniele Leão/07 - Contruindo API com Express/src/modules/users/useCases/create-user/index.ts": {"path":"/home/simon/Documentos/Daniele Leão/07 - Contruindo API com Express/src/modules/users/useCases/create-user/index.ts","statementMap":{"0":{"start":{"line":5,"column":29},"end":{"line":5,"column":null}},"1":{"start":{"line":6,"column":23},"end":{"line":6,"column":null}},"2":{"start":{"line":7,"column":29},"end":{"line":10,"column":null}}},"fnMap":{},"branchMap":{},"s":{"0":0,"1":0,"2":0},"f":{},"b":{}}
,"/home/simon/Documentos/Daniele Leão/07 - Contruindo API com Express/src/routes/speciality.routes.ts": {"path":"/home/simon/Documentos/Daniele Leão/07 - Contruindo API com Express/src/routes/speciality.routes.ts","statementMap":{"0":{"start":{"line":6,"column":25},"end":{"line":6,"column":null}},"1":{"start":{"line":8,"column":0},"end":{"line":15,"column":null}},"2":{"start":{"line":13,"column":4},"end":{"line":13,"column":null}}},"fnMap":{"0":{"name":"(anonymous_0)","decl":{"start":{"line":12,"column":2},"end":{"line":12,"column":9}},"loc":{"start":{"line":12,"column":22},"end":{"line":14,"column":null}}}},"branchMap":{},"s":{"0":0,"1":0,"2":0},"f":{"0":0},"b":{}}
,"/home/simon/Documentos/Daniele Leão/07 - Contruindo API com Express/src/routes/user.routes.ts": {"path":"/home/simon/Documentos/Daniele Leão/07 - Contruindo API com Express/src/routes/user.routes.ts","statementMap":{"0":{"start":{"line":5,"column":19},"end":{"line":5,"column":null}},"1":{"start":{"line":7,"column":0},"end":{"line":9,"column":null}},"2":{"start":{"line":8,"column":2},"end":{"line":8,"column":null}},"3":{"start":{"line":11,"column":0},"end":{"line":13,"column":null}},"4":{"start":{"line":12,"column":2},"end":{"line":12,"column":null}}},"fnMap":{"0":{"name":"(anonymous_0)","decl":{"start":{"line":7,"column":26},"end":{"line":7,"column":33}},"loc":{"start":{"line":7,"column":46},"end":{"line":9,"column":1}}},"1":{"name":"(anonymous_1)","decl":{"start":{"line":11,"column":26},"end":{"line":11,"column":33}},"loc":{"start":{"line":11,"column":46},"end":{"line":13,"column":1}}}},"branchMap":{},"s":{"0":0,"1":0,"2":0,"3":0,"4":0},"f":{"0":0,"1":0},"b":{}}
,"/home/simon/Documentos/Daniele Leão/07 - Contruindo API com Express/src/utils/logger.ts": {"path":"/home/simon/Documentos/Daniele Leão/07 - Contruindo API com Express/src/utils/logger.ts","statementMap":{"0":{"start":{"line":3,"column":15},"end":{"line":17,"column":null}}},"fnMap":{},"branchMap":{},"s":{"0":0},"f":{},"b":{}}
}
